0 info it worked if it ends with ok
1 verbose cli [ '/usr/local/bin/node', '/usr/local/bin/npm', 'run', 'serve' ]
2 info using npm@6.4.1
3 info using node@v8.15.1
4 verbose config Skipping project config: /home/node/.npmrc. (matches userconfig)
5 verbose run-script [ 'preserve', 'serve', 'postserve' ]
6 info lifecycle lewsblog@0.1.0~preserve: lewsblog@0.1.0
7 info lifecycle lewsblog@0.1.0~serve: lewsblog@0.1.0
8 verbose lifecycle lewsblog@0.1.0~serve: unsafe-perm in lifecycle true
9 verbose lifecycle lewsblog@0.1.0~serve: PATH: /usr/local/lib/node_modules/npm/node_modules/npm-lifecycle/node-gyp-bin:/home/node/node_modules/.bin:/app/node_modules/.bin:/usr/local/sbin:/usr/local/bin:/usr/sbin:/usr/bin:/sbin:/bin
10 verbose lifecycle lewsblog@0.1.0~serve: CWD: /home/node
11 silly lifecycle lewsblog@0.1.0~serve: Args: [ '-c', 'vue-cli-service serve' ]
12 info lifecycle lewsblog@0.1.0~serve: Failed to exec serve script
13 verbose stack Error: lewsblog@0.1.0 serve: `vue-cli-service serve`
13 verbose stack spawn ENOENT
13 verbose stack     at ChildProcess.<anonymous> (/usr/local/lib/node_modules/npm/node_modules/npm-lifecycle/lib/spawn.js:48:18)
13 verbose stack     at emitTwo (events.js:126:13)
13 verbose stack     at ChildProcess.emit (events.js:214:7)
13 verbose stack     at maybeClose (internal/child_process.js:915:16)
13 verbose stack     at Process.ChildProcess._handle.onexit (internal/child_process.js:209:5)
14 verbose pkgid lewsblog@0.1.0
15 verbose cwd /home/node
16 verbose Linux 4.9.184-linuxkit
17 verbose argv "/usr/local/bin/node" "/usr/local/bin/npm" "run" "serve"
18 verbose node v8.15.1
19 verbose npm  v6.4.1
20 error file sh
21 error code ELIFECYCLE
22 error errno ENOENT
23 error syscall spawn
24 error lewsblog@0.1.0 serve: `vue-cli-service serve`
24 error spawn ENOENT
25 error Failed at the lewsblog@0.1.0 serve script.
25 error This is probably not a problem with npm. There is likely additional logging output above.
26 verbose exit [ 1, true ]
